<?xml version="1.0" encoding="UTF-8"?>
<!-- Generated by org.testng.reporters.JUnitReportReporter -->
<testsuite hostname="BDC4B-D-48J7N62" name="scripts.TC158_170" tests="56" failures="0" timestamp="3 Aug 2017 07:31:07 GMT" time="137.571" errors="0">
  <testcase name="DFMSettings" time="0.000" classname="scripts.TC158_170"/>
  <testcase name="DFMSettings" time="0.000" classname="scripts.TC158_170"/>
  <testcase name="DFMSettings" time="0.000" classname="scripts.TC158_170"/>
  <testcase name="DFMSettings" time="0.000" classname="scripts.TC158_170"/>
  <testcase name="DFMSettings" time="0.000" classname="scripts.TC158_170"/>
  <testcase name="DFMSettings" time="31.332" classname="scripts.TC158_170"/>
  <testcase name="DFMSettings" time="0.000" classname="scripts.TC158_170"/>
  <testcase name="DFMSettings" time="0.000" classname="scripts.TC158_170"/>
  <testcase name="DFMSettings" time="0.000" classname="scripts.TC158_170"/>
  <testcase name="DFMSettings" time="0.000" classname="scripts.TC158_170"/>
  <testcase name="DFMSettings" time="0.000" classname="scripts.TC158_170"/>
  <testcase name="DFMSettings" time="0.000" classname="scripts.TC158_170"/>
  <testcase name="DFMSettings" time="0.000" classname="scripts.TC158_170"/>
  <testcase name="DFMSettings" time="0.000" classname="scripts.TC158_170"/>
  <testcase name="DFMSettings" time="0.000" classname="scripts.TC158_170"/>
  <testcase name="DFMSettings" time="0.000" classname="scripts.TC158_170"/>
  <testcase name="DFMSettings" time="0.000" classname="scripts.TC158_170"/>
  <testcase name="DFMSettings" time="0.000" classname="scripts.TC158_170"/>
  <testcase name="DFMSettings" time="0.000" classname="scripts.TC158_170"/>
  <testcase name="DFMSettings" time="0.000" classname="scripts.TC158_170"/>
  <testcase name="DFMSettings" time="0.000" classname="scripts.TC158_170"/>
  <testcase name="DFMSettings" time="0.000" classname="scripts.TC158_170"/>
  <testcase name="DFMSettings" time="0.000" classname="scripts.TC158_170"/>
  <testcase name="DFMSettings" time="0.000" classname="scripts.TC158_170"/>
  <testcase name="DFMSettings" time="0.000" classname="scripts.TC158_170"/>
  <testcase name="DFMSettings" time="0.000" classname="scripts.TC158_170"/>
  <testcase name="DFMSettings" time="0.000" classname="scripts.TC158_170"/>
  <testcase name="DFMSettings" time="0.000" classname="scripts.TC158_170"/>
  <testcase name="DFMSettings" time="0.000" classname="scripts.TC158_170"/>
  <testcase name="DFMSettings" time="0.000" classname="scripts.TC158_170"/>
  <testcase name="DFMSettings" time="31.525" classname="scripts.TC158_170"/>
  <testcase name="DFMSettings" time="0.000" classname="scripts.TC158_170"/>
  <testcase name="DFMSettings" time="10.207" classname="scripts.TC158_170"/>
  <testcase name="DFMSettings" time="0.000" classname="scripts.TC158_170"/>
  <testcase name="DFMSettings" time="0.000" classname="scripts.TC158_170"/>
  <testcase name="DFMSettings" time="0.000" classname="scripts.TC158_170"/>
  <testcase name="DFMSettings" time="0.000" classname="scripts.TC158_170"/>
  <testcase name="DFMSettings" time="0.000" classname="scripts.TC158_170"/>
  <testcase name="DFMSettings" time="0.000" classname="scripts.TC158_170"/>
  <testcase name="DFMSettings" time="0.000" classname="scripts.TC158_170"/>
  <testcase name="DFMSettings" time="0.000" classname="scripts.TC158_170"/>
  <testcase name="DFMSettings" time="32.305" classname="scripts.TC158_170"/>
  <testcase name="DFMSettings" time="0.000" classname="scripts.TC158_170"/>
  <testcase name="DFMSettings" time="11.551" classname="scripts.TC158_170"/>
  <testcase name="DFMSettings" time="0.000" classname="scripts.TC158_170"/>
  <testcase name="DFMSettings" time="9.595" classname="scripts.TC158_170"/>
  <testcase name="DFMSettings" time="0.000" classname="scripts.TC158_170"/>
  <testcase name="DFMSettings" time="0.000" classname="scripts.TC158_170"/>
  <testcase name="DFMSettings" time="0.000" classname="scripts.TC158_170"/>
  <testcase name="DFMSettings" time="0.016" classname="scripts.TC158_170"/>
  <testcase name="DFMSettings" time="0.000" classname="scripts.TC158_170"/>
  <testcase name="DFMSettings" time="11.040" classname="scripts.TC158_170"/>
  <testcase name="DFMSettings" time="0.000" classname="scripts.TC158_170"/>
  <testcase name="DFMSettings" time="0.000" classname="scripts.TC158_170"/>
  <testcase name="DFMSettings" time="0.000" classname="scripts.TC158_170"/>
  <testcase name="DFMSettings" time="0.000" classname="scripts.TC158_170"/>
</testsuite> <!-- scripts.TC158_170 -->
