<?xml version="1.0" encoding="UTF-8"?>
<!-- Generated by org.testng.reporters.JUnitReportReporter -->
<testsuite hostname="BDC4B-D-48J7N62" name="scripts.DFM_Main" tests="9" failures="0" timestamp="25 Jul 2017 08:07:01 GMT" time="232.388" errors="0">
  <testcase name="dfmApplicationTest" time="0.001" classname="scripts.DFM_Main"/>
  <testcase name="dfmApplicationTest" time="42.548" classname="scripts.DFM_Main"/>
  <testcase name="dfmApplicationTest" time="0.000" classname="scripts.DFM_Main"/>
  <testcase name="dfmApplicationTest" time="110.619" classname="scripts.DFM_Main"/>
  <testcase name="dfmApplicationTest" time="52.885" classname="scripts.DFM_Main"/>
  <testcase name="dfmApplicationTest" time="0.001" classname="scripts.DFM_Main"/>
  <testcase name="dfmApplicationTest" time="0.001" classname="scripts.DFM_Main"/>
  <testcase name="dfmApplicationTest" time="26.332" classname="scripts.DFM_Main"/>
  <testcase name="dfmApplicationTest" time="0.001" classname="scripts.DFM_Main"/>
</testsuite> <!-- scripts.DFM_Main -->
