<?xml version="1.0" encoding="UTF-8"?>
<!-- Generated by org.testng.reporters.JUnitReportReporter -->
<testsuite hostname="BDC4B-D-48J7N62" name="scripts.TC158to170_272to281" tests="71" failures="0" timestamp="10 Aug 2017 06:51:52 GMT" time="504.778" errors="0">
  <testcase name="DFMSettings" time="0.000" classname="scripts.TC158to170_272to281"/>
  <testcase name="DFMSettings" time="0.000" classname="scripts.TC158to170_272to281"/>
  <testcase name="DFMSettings" time="145.743" classname="scripts.TC158to170_272to281"/>
  <testcase name="DFMSettings" time="0.000" classname="scripts.TC158to170_272to281"/>
  <testcase name="DFMSettings" time="0.016" classname="scripts.TC158to170_272to281"/>
  <testcase name="DFMSettings" time="0.000" classname="scripts.TC158to170_272to281"/>
  <testcase name="DFMSettings" time="0.000" classname="scripts.TC158to170_272to281"/>
  <testcase name="DFMSettings" time="0.000" classname="scripts.TC158to170_272to281"/>
  <testcase name="DFMSettings" time="0.000" classname="scripts.TC158to170_272to281"/>
  <testcase name="DFMSettings" time="0.000" classname="scripts.TC158to170_272to281"/>
  <testcase name="DFMSettings" time="0.000" classname="scripts.TC158to170_272to281"/>
  <testcase name="DFMSettings" time="0.000" classname="scripts.TC158to170_272to281"/>
  <testcase name="DFMSettings" time="0.001" classname="scripts.TC158to170_272to281"/>
  <testcase name="DFMSettings" time="0.000" classname="scripts.TC158to170_272to281"/>
  <testcase name="DFMSettings" time="0.000" classname="scripts.TC158to170_272to281"/>
  <testcase name="DFMSettings" time="0.000" classname="scripts.TC158to170_272to281"/>
  <testcase name="DFMSettings" time="0.000" classname="scripts.TC158to170_272to281"/>
  <testcase name="DFMSettings" time="16.483" classname="scripts.TC158to170_272to281"/>
  <testcase name="DFMSettings" time="0.000" classname="scripts.TC158to170_272to281"/>
  <testcase name="DFMSettings" time="0.000" classname="scripts.TC158to170_272to281"/>
  <testcase name="DFMSettings" time="0.000" classname="scripts.TC158to170_272to281"/>
  <testcase name="DFMSettings" time="0.000" classname="scripts.TC158to170_272to281"/>
  <testcase name="DFMSettings" time="0.000" classname="scripts.TC158to170_272to281"/>
  <testcase name="DFMSettings" time="0.000" classname="scripts.TC158to170_272to281"/>
  <testcase name="DFMSettings" time="0.000" classname="scripts.TC158to170_272to281"/>
  <testcase name="DFMSettings" time="0.001" classname="scripts.TC158to170_272to281"/>
  <testcase name="DFMSettings" time="0.000" classname="scripts.TC158to170_272to281"/>
  <testcase name="DFMSettings" time="0.001" classname="scripts.TC158to170_272to281"/>
  <testcase name="DFMSettings" time="0.000" classname="scripts.TC158to170_272to281"/>
  <testcase name="DFMSettings" time="0.000" classname="scripts.TC158to170_272to281"/>
  <testcase name="DFMSettings" time="17.956" classname="scripts.TC158to170_272to281"/>
  <testcase name="DFMSettings" time="23.672" classname="scripts.TC158to170_272to281"/>
  <testcase name="DFMSettings" time="0.000" classname="scripts.TC158to170_272to281"/>
  <testcase name="DFMSettings" time="0.000" classname="scripts.TC158to170_272to281"/>
  <testcase name="DFMSettings" time="0.001" classname="scripts.TC158to170_272to281"/>
  <testcase name="DFMSettings" time="0.000" classname="scripts.TC158to170_272to281"/>
  <testcase name="DFMSettings" time="1.401" classname="scripts.TC158to170_272to281"/>
  <testcase name="DFMSettings" time="0.000" classname="scripts.TC158to170_272to281"/>
  <testcase name="DFMSettings" time="0.000" classname="scripts.TC158to170_272to281"/>
  <testcase name="DFMSettings" time="0.016" classname="scripts.TC158to170_272to281"/>
  <testcase name="DFMSettings" time="0.000" classname="scripts.TC158to170_272to281"/>
  <testcase name="DFMSettings" time="0.000" classname="scripts.TC158to170_272to281"/>
  <testcase name="DFMSettings" time="189.691" classname="scripts.TC158to170_272to281"/>
  <testcase name="DFMSettings" time="0.000" classname="scripts.TC158to170_272to281"/>
  <testcase name="DFMSettings" time="0.000" classname="scripts.TC158to170_272to281"/>
  <testcase name="DFMSettings" time="0.000" classname="scripts.TC158to170_272to281"/>
  <testcase name="DFMSettings" time="21.314" classname="scripts.TC158to170_272to281"/>
  <testcase name="DFMSettings" time="0.000" classname="scripts.TC158to170_272to281"/>
  <testcase name="DFMSettings" time="0.000" classname="scripts.TC158to170_272to281"/>
  <testcase name="DFMSettings" time="0.000" classname="scripts.TC158to170_272to281"/>
  <testcase name="DFMSettings" time="0.000" classname="scripts.TC158to170_272to281"/>
  <testcase name="DFMSettings" time="64.394" classname="scripts.TC158to170_272to281"/>
  <testcase name="DFMSettings" time="0.000" classname="scripts.TC158to170_272to281"/>
  <testcase name="DFMSettings" time="0.000" classname="scripts.TC158to170_272to281"/>
  <testcase name="DFMSettings" time="4.558" classname="scripts.TC158to170_272to281"/>
  <testcase name="DFMSettings" time="0.000" classname="scripts.TC158to170_272to281"/>
  <testcase name="DFMSettings" time="0.000" classname="scripts.TC158to170_272to281"/>
  <testcase name="DFMSettings" time="0.000" classname="scripts.TC158to170_272to281"/>
  <testcase name="DFMSettings" time="0.000" classname="scripts.TC158to170_272to281"/>
  <testcase name="DFMSettings" time="0.000" classname="scripts.TC158to170_272to281"/>
  <testcase name="DFMSettings" time="0.002" classname="scripts.TC158to170_272to281"/>
  <testcase name="DFMSettings" time="0.000" classname="scripts.TC158to170_272to281"/>
  <testcase name="DFMSettings" time="0.000" classname="scripts.TC158to170_272to281"/>
  <testcase name="DFMSettings" time="0.000" classname="scripts.TC158to170_272to281"/>
  <testcase name="DFMSettings" time="0.000" classname="scripts.TC158to170_272to281"/>
  <testcase name="DFMSettings" time="0.000" classname="scripts.TC158to170_272to281"/>
  <testcase name="DFMSettings" time="0.000" classname="scripts.TC158to170_272to281"/>
  <testcase name="DFMSettings" time="19.528" classname="scripts.TC158to170_272to281"/>
  <testcase name="DFMSettings" time="0.000" classname="scripts.TC158to170_272to281"/>
  <testcase name="DFMSettings" time="0.000" classname="scripts.TC158to170_272to281"/>
  <testcase name="DFMSettings" time="0.000" classname="scripts.TC158to170_272to281"/>
</testsuite> <!-- scripts.TC158to170_272to281 -->
