<?xml version="1.0" encoding="UTF-8"?>
<!-- Generated by org.testng.reporters.JUnitReportReporter -->
<testsuite hostname="BDC4B-D-48J7N62" name="scripts.IAPmain" tests="14" failures="0" timestamp="16 Jan 2018 09:54:34 GMT" time="210.935" errors="0">
  <testcase name="iapR2RApplicationTest" time="0.001" classname="scripts.IAPmain"/>
  <testcase name="iapR2RApplicationTest" time="0.001" classname="scripts.IAPmain"/>
  <testcase name="iapR2RApplicationTest" time="0.001" classname="scripts.IAPmain"/>
  <testcase name="iapR2RApplicationTest" time="0.001" classname="scripts.IAPmain"/>
  <testcase name="iapR2RApplicationTest" time="38.806" classname="scripts.IAPmain"/>
  <testcase name="iapR2RApplicationTest" time="172.116" classname="scripts.IAPmain"/>
  <testcase name="iapR2RApplicationTest" time="0.001" classname="scripts.IAPmain"/>
  <testcase name="iapR2RApplicationTest" time="0.000" classname="scripts.IAPmain"/>
  <testcase name="iapR2RApplicationTest" time="0.002" classname="scripts.IAPmain"/>
  <testcase name="iapR2RApplicationTest" time="0.001" classname="scripts.IAPmain"/>
  <testcase name="iapR2RApplicationTest" time="0.001" classname="scripts.IAPmain"/>
  <testcase name="iapR2RApplicationTest" time="0.001" classname="scripts.IAPmain"/>
  <testcase name="iapR2RApplicationTest" time="0.002" classname="scripts.IAPmain"/>
  <testcase name="iapR2RApplicationTest" time="0.001" classname="scripts.IAPmain"/>
</testsuite> <!-- scripts.IAPmain -->
